<?xml version="1.0" encoding="UTF-8"?>
<!-- Generated by org.testng.reporters.JUnitReportReporter -->
<testsuite hostname="APPU-PC" failures="0" tests="5" name="testCases.loginPageTest" time="34.684" errors="0" timestamp="2022-12-27T10:23:02 IST" skipped="0">
  <testcase classname="testCases.loginPageTest" name="verifyLoginLogoTest" time="4.280"/>
  <testcase classname="testCases.loginPageTest" name="LoginInfoTest" time="15.686"/>
  <testcase classname="testCases.loginPageTest" name="verifyUrlTest" time="6.455"/>
  <testcase classname="testCases.loginPageTest" name="verifyBotLogoTest" time="3.977"/>
  <testcase classname="testCases.loginPageTest" name="verifyTitleTest" time="4.286"/>
</testsuite> <!-- testCases.loginPageTest -->
