<?xml version="1.0" encoding="UTF-8"?>
<!-- Generated by org.testng.reporters.JUnitReportReporter -->
<testsuite hostname="APPU-PC" failures="0" tests="1" name="testCases.InventoryTest" time="19.601" errors="0" timestamp="2022-12-27T16:53:57 IST" skipped="0">
  <testcase classname="testCases.InventoryTest" name="verifyAddCart1Test" time="19.601"/>
</testsuite> <!-- testCases.InventoryTest -->
